<?xml version="1.0" encoding="UTF-8"?>
<!-- Generated by org.testng.reporters.JUnitReportReporter -->
<testsuite hostname="DESKTOP-9PIS3CL" failures="0" tests="2" name="api.test.UserTests" time="4.463" errors="0" timestamp="2024-03-25T21:42:57 IST" skipped="0">
  <testcase classname="api.test.UserTests" name="testPostuser" time="3.294"/>
  <system-out/>
  <testcase classname="api.test.UserTests" name="testGetUserByName" time="1.169"/>
  <system-out/>
</testsuite> <!-- api.test.UserTests -->
